0 info it worked if it ends with ok
1 verbose cli [ 'node',
1 verbose cli   '/usr/local/bin/npm',
1 verbose cli   'install',
1 verbose cli   '-g',
1 verbose cli   'yo',
1 verbose cli   'grunt-cli',
1 verbose cli   'bower',
1 verbose cli   'generator-angular',
1 verbose cli   'generator-karma' ]
2 info using npm@1.4.28
3 info using node@v0.10.32
4 verbose cache add [ 'yo', null ]
5 verbose cache add name=undefined spec="yo" args=["yo",null]
6 verbose parsed url { protocol: null,
6 verbose parsed url   slashes: null,
6 verbose parsed url   auth: null,
6 verbose parsed url   host: null,
6 verbose parsed url   port: null,
6 verbose parsed url   hostname: null,
6 verbose parsed url   hash: null,
6 verbose parsed url   search: null,
6 verbose parsed url   query: null,
6 verbose parsed url   pathname: 'yo',
6 verbose parsed url   path: 'yo',
6 verbose parsed url   href: 'yo' }
7 verbose cache add [ 'grunt-cli', null ]
8 verbose cache add name=undefined spec="grunt-cli" args=["grunt-cli",null]
9 verbose parsed url { protocol: null,
9 verbose parsed url   slashes: null,
9 verbose parsed url   auth: null,
9 verbose parsed url   host: null,
9 verbose parsed url   port: null,
9 verbose parsed url   hostname: null,
9 verbose parsed url   hash: null,
9 verbose parsed url   search: null,
9 verbose parsed url   query: null,
9 verbose parsed url   pathname: 'grunt-cli',
9 verbose parsed url   path: 'grunt-cli',
9 verbose parsed url   href: 'grunt-cli' }
10 verbose cache add [ 'bower', null ]
11 verbose cache add name=undefined spec="bower" args=["bower",null]
12 verbose parsed url { protocol: null,
12 verbose parsed url   slashes: null,
12 verbose parsed url   auth: null,
12 verbose parsed url   host: null,
12 verbose parsed url   port: null,
12 verbose parsed url   hostname: null,
12 verbose parsed url   hash: null,
12 verbose parsed url   search: null,
12 verbose parsed url   query: null,
12 verbose parsed url   pathname: 'bower',
12 verbose parsed url   path: 'bower',
12 verbose parsed url   href: 'bower' }
13 verbose cache add [ 'generator-angular', null ]
14 verbose cache add name=undefined spec="generator-angular" args=["generator-angular",null]
15 verbose parsed url { protocol: null,
15 verbose parsed url   slashes: null,
15 verbose parsed url   auth: null,
15 verbose parsed url   host: null,
15 verbose parsed url   port: null,
15 verbose parsed url   hostname: null,
15 verbose parsed url   hash: null,
15 verbose parsed url   search: null,
15 verbose parsed url   query: null,
15 verbose parsed url   pathname: 'generator-angular',
15 verbose parsed url   path: 'generator-angular',
15 verbose parsed url   href: 'generator-angular' }
16 verbose cache add [ 'generator-karma', null ]
17 verbose cache add name=undefined spec="generator-karma" args=["generator-karma",null]
18 verbose parsed url { protocol: null,
18 verbose parsed url   slashes: null,
18 verbose parsed url   auth: null,
18 verbose parsed url   host: null,
18 verbose parsed url   port: null,
18 verbose parsed url   hostname: null,
18 verbose parsed url   hash: null,
18 verbose parsed url   search: null,
18 verbose parsed url   query: null,
18 verbose parsed url   pathname: 'generator-karma',
18 verbose parsed url   path: 'generator-karma',
18 verbose parsed url   href: 'generator-karma' }
19 silly lockFile c41975d1-yo yo
20 verbose lock yo /Users/jeremy/.npm/c41975d1-yo.lock
21 silly lockFile 671ef8ac-grunt-cli grunt-cli
22 verbose lock grunt-cli /Users/jeremy/.npm/671ef8ac-grunt-cli.lock
23 silly lockFile 206e3ce5-bower bower
24 verbose lock bower /Users/jeremy/.npm/206e3ce5-bower.lock
25 silly lockFile 458e0b50-generator-angular generator-angular
26 verbose lock generator-angular /Users/jeremy/.npm/458e0b50-generator-angular.lock
27 silly lockFile 72787608-generator-karma generator-karma
28 verbose lock generator-karma /Users/jeremy/.npm/72787608-generator-karma.lock
29 silly lockFile c41975d1-yo yo
30 silly lockFile c41975d1-yo yo
31 silly lockFile 671ef8ac-grunt-cli grunt-cli
32 silly lockFile 671ef8ac-grunt-cli grunt-cli
33 silly lockFile 206e3ce5-bower bower
34 silly lockFile 206e3ce5-bower bower
35 verbose addNamed [ 'yo', '' ]
36 verbose addNamed [ null, '*' ]
37 silly lockFile d937c28e-yo yo@
38 verbose lock yo@ /Users/jeremy/.npm/d937c28e-yo.lock
39 silly lockFile 72787608-generator-karma generator-karma
40 silly lockFile 72787608-generator-karma generator-karma
41 verbose addNamed [ 'grunt-cli', '' ]
42 verbose addNamed [ null, '*' ]
43 silly lockFile d63f3d0b-grunt-cli grunt-cli@
44 verbose lock grunt-cli@ /Users/jeremy/.npm/d63f3d0b-grunt-cli.lock
45 verbose addNamed [ 'bower', '' ]
46 verbose addNamed [ null, '*' ]
47 silly lockFile 1240aab1-bower bower@
48 verbose lock bower@ /Users/jeremy/.npm/1240aab1-bower.lock
49 silly lockFile 458e0b50-generator-angular generator-angular
50 silly lockFile 458e0b50-generator-angular generator-angular
51 silly addNameRange { name: 'yo', range: '*', hasData: false }
52 verbose addNamed [ 'generator-angular', '' ]
53 verbose addNamed [ null, '*' ]
54 silly lockFile 0345f598-generator-angular generator-angular@
55 verbose lock generator-angular@ /Users/jeremy/.npm/0345f598-generator-angular.lock
56 silly addNameRange { name: 'bower', range: '*', hasData: false }
57 verbose addNamed [ 'generator-karma', '' ]
58 verbose addNamed [ null, '*' ]
59 silly lockFile 4afaad21-generator-karma generator-karma@
60 verbose lock generator-karma@ /Users/jeremy/.npm/4afaad21-generator-karma.lock
61 silly addNameRange { name: 'grunt-cli', range: '*', hasData: false }
62 verbose request where is /bower
63 verbose request registry https://registry.npmjs.org/
64 verbose request id 3b65a8657989a074
65 verbose url raw /bower
66 verbose url resolving [ 'https://registry.npmjs.org/', './bower' ]
67 verbose url resolved https://registry.npmjs.org/bower
68 verbose request where is https://registry.npmjs.org/bower
69 info trying registry request attempt 1 at 16:30:08
70 http GET https://registry.npmjs.org/bower
71 silly addNameRange { name: 'generator-angular', range: '*', hasData: false }
72 verbose request where is /yo
73 verbose request registry https://registry.npmjs.org/
74 verbose url raw /yo
75 verbose url resolving [ 'https://registry.npmjs.org/', './yo' ]
76 verbose url resolved https://registry.npmjs.org/yo
77 verbose request where is https://registry.npmjs.org/yo
78 info trying registry request attempt 1 at 16:30:08
79 http GET https://registry.npmjs.org/yo
80 verbose request where is /grunt-cli
81 verbose request registry https://registry.npmjs.org/
82 verbose url raw /grunt-cli
83 verbose url resolving [ 'https://registry.npmjs.org/', './grunt-cli' ]
84 verbose url resolved https://registry.npmjs.org/grunt-cli
85 verbose request where is https://registry.npmjs.org/grunt-cli
86 info trying registry request attempt 1 at 16:30:08
87 http GET https://registry.npmjs.org/grunt-cli
88 silly addNameRange { name: 'generator-karma', range: '*', hasData: false }
89 verbose request where is /generator-angular
90 verbose request registry https://registry.npmjs.org/
91 verbose url raw /generator-angular
92 verbose url resolving [ 'https://registry.npmjs.org/', './generator-angular' ]
93 verbose url resolved https://registry.npmjs.org/generator-angular
94 verbose request where is https://registry.npmjs.org/generator-angular
95 info trying registry request attempt 1 at 16:30:08
96 http GET https://registry.npmjs.org/generator-angular
97 verbose request where is /generator-karma
98 verbose request registry https://registry.npmjs.org/
99 verbose url raw /generator-karma
100 verbose url resolving [ 'https://registry.npmjs.org/', './generator-karma' ]
101 verbose url resolved https://registry.npmjs.org/generator-karma
102 verbose request where is https://registry.npmjs.org/generator-karma
103 info trying registry request attempt 1 at 16:30:08
104 http GET https://registry.npmjs.org/generator-karma
105 http 200 https://registry.npmjs.org/grunt-cli
106 silly registry.get cb [ 200,
106 silly registry.get   { date: 'Wed, 15 Oct 2014 14:30:09 GMT',
106 silly registry.get     server: 'CouchDB/1.5.0 (Erlang OTP/R16B03)',
106 silly registry.get     etag: '"42HXSJEDKXE3E77LORJEEZN7I"',
106 silly registry.get     'content-type': 'application/json',
106 silly registry.get     'cache-control': 'max-age=60',
106 silly registry.get     'content-length': '19941',
106 silly registry.get     'accept-ranges': 'bytes',
106 silly registry.get     via: '1.1 varnish',
106 silly registry.get     age: '43',
106 silly registry.get     'x-served-by': 'cache-fra1247-FRA',
106 silly registry.get     'x-cache': 'HIT',
106 silly registry.get     'x-cache-hits': '1',
106 silly registry.get     'x-timer': 'S1413383409.078346,VS0,VE0',
106 silly registry.get     vary: 'Accept',
106 silly registry.get     'keep-alive': 'timeout=10, max=50',
106 silly registry.get     connection: 'Keep-Alive' } ]
107 silly addNameRange number 2 { name: 'grunt-cli', range: '*', hasData: true }
108 silly addNameRange versions [ 'grunt-cli',
108 silly addNameRange   [ '0.1.0',
108 silly addNameRange     '0.1.1',
108 silly addNameRange     '0.1.2',
108 silly addNameRange     '0.1.3',
108 silly addNameRange     '0.1.4',
108 silly addNameRange     '0.1.5',
108 silly addNameRange     '0.1.6',
108 silly addNameRange     '0.1.7',
108 silly addNameRange     '0.1.8',
108 silly addNameRange     '0.1.9',
108 silly addNameRange     '0.1.10',
108 silly addNameRange     '0.1.11',
108 silly addNameRange     '0.1.12',
108 silly addNameRange     '0.1.13' ] ]
109 verbose addNamed [ 'grunt-cli', '0.1.13' ]
110 verbose addNamed [ '0.1.13', '0.1.13' ]
111 silly lockFile 28997503-grunt-cli-0-1-13 grunt-cli@0.1.13
112 verbose lock grunt-cli@0.1.13 /Users/jeremy/.npm/28997503-grunt-cli-0-1-13.lock
113 silly lockFile ab76c46e-g-grunt-cli-grunt-cli-0-1-13-tgz https://registry.npmjs.org/grunt-cli/-/grunt-cli-0.1.13.tgz
114 verbose lock https://registry.npmjs.org/grunt-cli/-/grunt-cli-0.1.13.tgz /Users/jeremy/.npm/ab76c46e-g-grunt-cli-grunt-cli-0-1-13-tgz.lock
115 verbose addRemoteTarball [ 'https://registry.npmjs.org/grunt-cli/-/grunt-cli-0.1.13.tgz',
115 verbose addRemoteTarball   'e9ebc4047631f5012d922770c39378133cad10f4' ]
116 info retry fetch attempt 1 at 16:30:09
117 verbose fetch to= /var/folders/7n/krg12yv53ql7694939xdqblm0000gt/T/npm-5708-uHLcrFJM/registry.npmjs.org/grunt-cli/-/grunt-cli-0.1.13.tgz
118 http GET https://registry.npmjs.org/grunt-cli/-/grunt-cli-0.1.13.tgz
119 http 200 https://registry.npmjs.org/yo
120 silly registry.get cb [ 200,
120 silly registry.get   { date: 'Wed, 15 Oct 2014 14:30:09 GMT',
120 silly registry.get     server: 'CouchDB/1.5.0 (Erlang OTP/R16B03)',
120 silly registry.get     etag: '"6BQ6J5PA6GTIG247HODG327O1"',
120 silly registry.get     'content-type': 'application/json',
120 silly registry.get     'cache-control': 'max-age=60',
120 silly registry.get     'content-length': '46825',
120 silly registry.get     'accept-ranges': 'bytes',
120 silly registry.get     via: '1.1 varnish',
120 silly registry.get     age: '2',
120 silly registry.get     'x-served-by': 'cache-fra1247-FRA',
120 silly registry.get     'x-cache': 'HIT',
120 silly registry.get     'x-cache-hits': '1',
120 silly registry.get     'x-timer': 'S1413383409.038519,VS0,VE0',
120 silly registry.get     vary: 'Accept',
120 silly registry.get     'keep-alive': 'timeout=10, max=50',
120 silly registry.get     connection: 'Keep-Alive' } ]
121 silly addNameRange number 2 { name: 'yo', range: '*', hasData: true }
122 silly addNameRange versions [ 'yo',
122 silly addNameRange   [ '1.0.0-beta.1',
122 silly addNameRange     '1.0.0-beta.2',
122 silly addNameRange     '1.0.0-beta.3',
122 silly addNameRange     '1.0.0-beta.4',
122 silly addNameRange     '1.0.0-beta.5',
122 silly addNameRange     '1.0.0-beta.6',
122 silly addNameRange     '1.0.0-beta.7',
122 silly addNameRange     '1.0.0-rc.1',
122 silly addNameRange     '1.0.0-rc.1.1',
122 silly addNameRange     '1.0.0-rc.1.2',
122 silly addNameRange     '1.0.0-rc.1.3',
122 silly addNameRange     '1.0.0-rc.1.4',
122 silly addNameRange     '1.0.0',
122 silly addNameRange     '1.0.1',
122 silly addNameRange     '1.0.2',
122 silly addNameRange     '1.0.3',
122 silly addNameRange     '1.0.4',
122 silly addNameRange     '1.0.5',
122 silly addNameRange     '1.0.6',
122 silly addNameRange     '1.0.7-pre.1',
122 silly addNameRange     '1.0.7-pre.2',
122 silly addNameRange     '1.0.7-pre.3',
122 silly addNameRange     '1.1.0',
122 silly addNameRange     '1.1.1',
122 silly addNameRange     '1.1.2',
122 silly addNameRange     '1.2.0',
122 silly addNameRange     '1.2.1',
122 silly addNameRange     '1.3.0',
122 silly addNameRange     '1.3.2' ] ]
123 verbose addNamed [ 'yo', '1.3.2' ]
124 verbose addNamed [ '1.3.2', '1.3.2' ]
125 silly lockFile 13be09ea-yo-1-3-2 yo@1.3.2
126 verbose lock yo@1.3.2 /Users/jeremy/.npm/13be09ea-yo-1-3-2.lock
127 silly lockFile 1cf20754-gistry-npmjs-org-yo-yo-1-3-2-tgz https://registry.npmjs.org/yo/-/yo-1.3.2.tgz
128 verbose lock https://registry.npmjs.org/yo/-/yo-1.3.2.tgz /Users/jeremy/.npm/1cf20754-gistry-npmjs-org-yo-yo-1-3-2-tgz.lock
129 verbose addRemoteTarball [ 'https://registry.npmjs.org/yo/-/yo-1.3.2.tgz',
129 verbose addRemoteTarball   '2f2a7a94748b4d575e8b46bcbf64496988f29c36' ]
130 info retry fetch attempt 1 at 16:30:09
131 verbose fetch to= /var/folders/7n/krg12yv53ql7694939xdqblm0000gt/T/npm-5708-uHLcrFJM/registry.npmjs.org/yo/-/yo-1.3.2.tgz
132 http GET https://registry.npmjs.org/yo/-/yo-1.3.2.tgz
133 http 200 https://registry.npmjs.org/generator-karma
134 silly registry.get cb [ 200,
134 silly registry.get   { date: 'Wed, 15 Oct 2014 14:30:09 GMT',
134 silly registry.get     server: 'CouchDB/1.5.0 (Erlang OTP/R16B03)',
134 silly registry.get     etag: '"8DJZVIR1BXR2W395DD9EWI45C"',
134 silly registry.get     'content-type': 'application/json',
134 silly registry.get     'cache-control': 'max-age=60',
134 silly registry.get     'content-length': '21031',
134 silly registry.get     'accept-ranges': 'bytes',
134 silly registry.get     via: '1.1 varnish',
134 silly registry.get     age: '0',
134 silly registry.get     'x-served-by': 'cache-fra1230-FRA',
134 silly registry.get     'x-cache': 'HIT',
134 silly registry.get     'x-cache-hits': '1',
134 silly registry.get     'x-timer': 'S1413383409.082579,VS0,VE173',
134 silly registry.get     vary: 'Accept',
134 silly registry.get     'keep-alive': 'timeout=10, max=50',
134 silly registry.get     connection: 'Keep-Alive' } ]
135 silly addNameRange number 2 { name: 'generator-karma', range: '*', hasData: true }
136 silly addNameRange versions [ 'generator-karma',
136 silly addNameRange   [ '0.1.1',
136 silly addNameRange     '0.2.0',
136 silly addNameRange     '0.3.0',
136 silly addNameRange     '0.3.1',
136 silly addNameRange     '0.4.1',
136 silly addNameRange     '0.5.0',
136 silly addNameRange     '0.6.0',
136 silly addNameRange     '0.7.0',
136 silly addNameRange     '0.8.0',
136 silly addNameRange     '0.8.1',
136 silly addNameRange     '0.8.2',
136 silly addNameRange     '0.8.3' ] ]
137 verbose addNamed [ 'generator-karma', '0.8.3' ]
138 verbose addNamed [ '0.8.3', '0.8.3' ]
139 silly lockFile 5a8eefdd-generator-karma-0-8-3 generator-karma@0.8.3
140 verbose lock generator-karma@0.8.3 /Users/jeremy/.npm/5a8eefdd-generator-karma-0-8-3.lock
141 silly lockFile 932c97e6--karma-generator-karma-0-8-3-tgz https://registry.npmjs.org/generator-karma/-/generator-karma-0.8.3.tgz
142 verbose lock https://registry.npmjs.org/generator-karma/-/generator-karma-0.8.3.tgz /Users/jeremy/.npm/932c97e6--karma-generator-karma-0-8-3-tgz.lock
143 verbose addRemoteTarball [ 'https://registry.npmjs.org/generator-karma/-/generator-karma-0.8.3.tgz',
143 verbose addRemoteTarball   '6399fda9fc6cbab73568707e83fab73a915acbc8' ]
144 info retry fetch attempt 1 at 16:30:09
145 verbose fetch to= /var/folders/7n/krg12yv53ql7694939xdqblm0000gt/T/npm-5708-uHLcrFJM/registry.npmjs.org/generator-karma/-/generator-karma-0.8.3.tgz
146 http GET https://registry.npmjs.org/generator-karma/-/generator-karma-0.8.3.tgz
147 http 200 https://registry.npmjs.org/generator-angular
148 silly registry.get cb [ 200,
148 silly registry.get   { date: 'Wed, 15 Oct 2014 14:30:09 GMT',
148 silly registry.get     server: 'CouchDB/1.5.0 (Erlang OTP/R16B03)',
148 silly registry.get     etag: '"AAFJTTV49RIIRPSPSZ7372H0H"',
148 silly registry.get     'content-type': 'application/json',
148 silly registry.get     'cache-control': 'max-age=60',
148 silly registry.get     'content-length': '58622',
148 silly registry.get     'accept-ranges': 'bytes',
148 silly registry.get     via: '1.1 varnish',
148 silly registry.get     age: '0',
148 silly registry.get     'x-served-by': 'cache-fra1227-FRA',
148 silly registry.get     'x-cache': 'HIT',
148 silly registry.get     'x-cache-hits': '1',
148 silly registry.get     'x-timer': 'S1413383409.076749,VS0,VE170',
148 silly registry.get     vary: 'Accept',
148 silly registry.get     'keep-alive': 'timeout=10, max=50',
148 silly registry.get     connection: 'Keep-Alive' } ]
149 silly addNameRange number 2 { name: 'generator-angular', range: '*', hasData: true }
150 silly addNameRange versions [ 'generator-angular',
150 silly addNameRange   [ '0.1.0',
150 silly addNameRange     '0.1.1',
150 silly addNameRange     '0.1.2',
150 silly addNameRange     '0.1.3',
150 silly addNameRange     '0.1.4',
150 silly addNameRange     '0.1.5',
150 silly addNameRange     '0.2.0',
150 silly addNameRange     '0.2.1',
150 silly addNameRange     '0.2.2',
150 silly addNameRange     '0.3.0',
150 silly addNameRange     '0.3.1',
150 silly addNameRange     '0.4.0',
150 silly addNameRange     '0.5.0',
150 silly addNameRange     '0.5.1',
150 silly addNameRange     '0.6.0-rc.1',
150 silly addNameRange     '0.6.0-rc.2',
150 silly addNameRange     '0.6.0',
150 silly addNameRange     '0.7.0',
150 silly addNameRange     '0.7.1',
150 silly addNameRange     '0.8.0',
150 silly addNameRange     '0.9.0-0',
150 silly addNameRange     '0.9.0-1',
150 silly addNameRange     '0.9.0',
150 silly addNameRange     '0.9.1',
150 silly addNameRange     '0.9.2',
150 silly addNameRange     '0.9.3',
150 silly addNameRange     '0.9.5',
150 silly addNameRange     '0.9.6',
150 silly addNameRange     '0.9.7',
150 silly addNameRange     '0.9.8' ] ]
151 verbose addNamed [ 'generator-angular', '0.9.8' ]
152 verbose addNamed [ '0.9.8', '0.9.8' ]
153 silly lockFile 8fd76f24-generator-angular-0-9-8 generator-angular@0.9.8
154 verbose lock generator-angular@0.9.8 /Users/jeremy/.npm/8fd76f24-generator-angular-0-9-8.lock
155 silly lockFile 4efbd1ab-ular-generator-angular-0-9-8-tgz https://registry.npmjs.org/generator-angular/-/generator-angular-0.9.8.tgz
156 verbose lock https://registry.npmjs.org/generator-angular/-/generator-angular-0.9.8.tgz /Users/jeremy/.npm/4efbd1ab-ular-generator-angular-0-9-8-tgz.lock
157 verbose addRemoteTarball [ 'https://registry.npmjs.org/generator-angular/-/generator-angular-0.9.8.tgz',
157 verbose addRemoteTarball   '7e0c98e0cbf3289d13409486637ba3257a2ab1ea' ]
158 info retry fetch attempt 1 at 16:30:09
159 verbose fetch to= /var/folders/7n/krg12yv53ql7694939xdqblm0000gt/T/npm-5708-uHLcrFJM/registry.npmjs.org/generator-angular/-/generator-angular-0.9.8.tgz
160 http GET https://registry.npmjs.org/generator-angular/-/generator-angular-0.9.8.tgz
161 http 200 https://registry.npmjs.org/bower
162 silly registry.get cb [ 200,
162 silly registry.get   { date: 'Wed, 15 Oct 2014 14:30:09 GMT',
162 silly registry.get     server: 'CouchDB/1.5.0 (Erlang OTP/R16B03)',
162 silly registry.get     etag: '"58G8JQS4VOY0IVDMK4TVWLXKD"',
162 silly registry.get     'content-type': 'application/json',
162 silly registry.get     'cache-control': 'max-age=60',
162 silly registry.get     'content-length': '105309',
162 silly registry.get     'accept-ranges': 'bytes',
162 silly registry.get     via: '1.1 varnish',
162 silly registry.get     age: '0',
162 silly registry.get     'x-served-by': 'cache-fra1230-FRA',
162 silly registry.get     'x-cache': 'HIT',
162 silly registry.get     'x-cache-hits': '1',
162 silly registry.get     'x-timer': 'S1413383409.081031,VS0,VE101',
162 silly registry.get     vary: 'Accept',
162 silly registry.get     'keep-alive': 'timeout=10, max=50',
162 silly registry.get     connection: 'Keep-Alive' } ]
163 silly addNameRange number 2 { name: 'bower', range: '*', hasData: true }
164 silly addNameRange versions [ 'bower',
164 silly addNameRange   [ '0.1.0',
164 silly addNameRange     '0.1.2',
164 silly addNameRange     '0.1.3',
164 silly addNameRange     '0.2.0',
164 silly addNameRange     '0.3.0',
164 silly addNameRange     '0.3.1',
164 silly addNameRange     '0.3.2',
164 silly addNameRange     '0.4.0',
164 silly addNameRange     '0.5.0',
164 silly addNameRange     '0.5.1',
164 silly addNameRange     '0.6.0',
164 silly addNameRange     '0.6.1',
164 silly addNameRange     '0.6.2',
164 silly addNameRange     '0.6.3',
164 silly addNameRange     '0.6.4',
164 silly addNameRange     '0.6.5',
164 silly addNameRange     '0.6.6',
164 silly addNameRange     '0.6.7',
164 silly addNameRange     '0.6.8',
164 silly addNameRange     '0.7.0',
164 silly addNameRange     '0.7.1',
164 silly addNameRange     '0.8.0',
164 silly addNameRange     '0.8.1',
164 silly addNameRange     '0.8.2',
164 silly addNameRange     '0.8.3',
164 silly addNameRange     '0.8.4',
164 silly addNameRange     '0.8.5',
164 silly addNameRange     '0.8.6',
164 silly addNameRange     '0.9.0',
164 silly addNameRange     '0.9.1',
164 silly addNameRange     '0.9.2',
164 silly addNameRange     '0.10.0',
164 silly addNameRange     '1.0.0',
164 silly addNameRange     '1.0.1',
164 silly addNameRange     '1.0.2',
164 silly addNameRange     '1.0.3',
164 silly addNameRange     '1.1.0',
164 silly addNameRange     '1.1.1',
164 silly addNameRange     '1.1.2',
164 silly addNameRange     '1.2.0',
164 silly addNameRange     '1.2.1',
164 silly addNameRange     '1.2.2',
164 silly addNameRange     '1.2.3',
164 silly addNameRange     '1.2.4',
164 silly addNameRange     '1.2.5',
164 silly addNameRange     '1.2.6',
164 silly addNameRange     '1.2.7',
164 silly addNameRange     '1.2.8',
164 silly addNameRange     '1.3.0',
164 silly addNameRange     '1.3.1',
164 silly addNameRange     '1.3.2',
164 silly addNameRange     '1.3.3',
164 silly addNameRange     '1.3.4',
164 silly addNameRange     '1.3.5',
164 silly addNameRange     '1.3.6',
164 silly addNameRange     '1.3.7',
164 silly addNameRange     '1.3.8',
164 silly addNameRange     '1.3.9',
164 silly addNameRange     '1.3.10',
164 silly addNameRange     '1.3.11',
164 silly addNameRange     '1.3.12' ] ]
165 verbose addNamed [ 'bower', '1.3.12' ]
166 verbose addNamed [ '1.3.12', '1.3.12' ]
167 silly lockFile 9819431c-bower-1-3-12 bower@1.3.12
168 verbose lock bower@1.3.12 /Users/jeremy/.npm/9819431c-bower-1-3-12.lock
169 silly lockFile b05fd70b-npmjs-org-bower-bower-1-3-12-tgz https://registry.npmjs.org/bower/-/bower-1.3.12.tgz
170 verbose lock https://registry.npmjs.org/bower/-/bower-1.3.12.tgz /Users/jeremy/.npm/b05fd70b-npmjs-org-bower-bower-1-3-12-tgz.lock
171 verbose addRemoteTarball [ 'https://registry.npmjs.org/bower/-/bower-1.3.12.tgz',
171 verbose addRemoteTarball   '37de0edb3904baf90aee13384a1a379a05ee214c' ]
172 info retry fetch attempt 1 at 16:30:09
173 verbose fetch to= /var/folders/7n/krg12yv53ql7694939xdqblm0000gt/T/npm-5708-uHLcrFJM/registry.npmjs.org/bower/-/bower-1.3.12.tgz
174 http GET https://registry.npmjs.org/bower/-/bower-1.3.12.tgz
175 http 200 https://registry.npmjs.org/grunt-cli/-/grunt-cli-0.1.13.tgz
176 http 200 https://registry.npmjs.org/yo/-/yo-1.3.2.tgz
177 silly lockFile ab76c46e-g-grunt-cli-grunt-cli-0-1-13-tgz https://registry.npmjs.org/grunt-cli/-/grunt-cli-0.1.13.tgz
178 silly lockFile ab76c46e-g-grunt-cli-grunt-cli-0-1-13-tgz https://registry.npmjs.org/grunt-cli/-/grunt-cli-0.1.13.tgz
179 silly lockFile 28997503-grunt-cli-0-1-13 grunt-cli@0.1.13
180 silly lockFile 28997503-grunt-cli-0-1-13 grunt-cli@0.1.13
181 silly lockFile d63f3d0b-grunt-cli grunt-cli@
182 silly lockFile d63f3d0b-grunt-cli grunt-cli@
183 silly lockFile 1cf20754-gistry-npmjs-org-yo-yo-1-3-2-tgz https://registry.npmjs.org/yo/-/yo-1.3.2.tgz
184 silly lockFile 1cf20754-gistry-npmjs-org-yo-yo-1-3-2-tgz https://registry.npmjs.org/yo/-/yo-1.3.2.tgz
185 silly lockFile 13be09ea-yo-1-3-2 yo@1.3.2
186 silly lockFile 13be09ea-yo-1-3-2 yo@1.3.2
187 silly lockFile d937c28e-yo yo@
188 silly lockFile d937c28e-yo yo@
189 http 200 https://registry.npmjs.org/generator-karma/-/generator-karma-0.8.3.tgz
190 silly lockFile 932c97e6--karma-generator-karma-0-8-3-tgz https://registry.npmjs.org/generator-karma/-/generator-karma-0.8.3.tgz
191 silly lockFile 932c97e6--karma-generator-karma-0-8-3-tgz https://registry.npmjs.org/generator-karma/-/generator-karma-0.8.3.tgz
192 silly lockFile 5a8eefdd-generator-karma-0-8-3 generator-karma@0.8.3
193 silly lockFile 5a8eefdd-generator-karma-0-8-3 generator-karma@0.8.3
194 silly lockFile 4afaad21-generator-karma generator-karma@
195 silly lockFile 4afaad21-generator-karma generator-karma@
196 http 200 https://registry.npmjs.org/generator-angular/-/generator-angular-0.9.8.tgz
197 http 200 https://registry.npmjs.org/bower/-/bower-1.3.12.tgz
198 silly lockFile 4efbd1ab-ular-generator-angular-0-9-8-tgz https://registry.npmjs.org/generator-angular/-/generator-angular-0.9.8.tgz
199 silly lockFile 4efbd1ab-ular-generator-angular-0-9-8-tgz https://registry.npmjs.org/generator-angular/-/generator-angular-0.9.8.tgz
200 silly lockFile 8fd76f24-generator-angular-0-9-8 generator-angular@0.9.8
201 silly lockFile 8fd76f24-generator-angular-0-9-8 generator-angular@0.9.8
202 silly lockFile 0345f598-generator-angular generator-angular@
203 silly lockFile 0345f598-generator-angular generator-angular@
204 silly lockFile b05fd70b-npmjs-org-bower-bower-1-3-12-tgz https://registry.npmjs.org/bower/-/bower-1.3.12.tgz
205 silly lockFile b05fd70b-npmjs-org-bower-bower-1-3-12-tgz https://registry.npmjs.org/bower/-/bower-1.3.12.tgz
206 silly lockFile 9819431c-bower-1-3-12 bower@1.3.12
207 silly lockFile 9819431c-bower-1-3-12 bower@1.3.12
208 silly lockFile 1240aab1-bower bower@
209 silly lockFile 1240aab1-bower bower@
210 silly resolved [ { name: 'grunt-cli',
210 silly resolved     description: 'The grunt command line interface.',
210 silly resolved     version: '0.1.13',
210 silly resolved     author: { name: 'Grunt Team' },
210 silly resolved     homepage: 'http://gruntjs.com/',
210 silly resolved     repository: { type: 'git', url: 'git://github.com/gruntjs/grunt-cli.git' },
210 silly resolved     bugs: { url: 'http://github.com/gruntjs/grunt-cli/issues' },
210 silly resolved     licenses: [ [Object] ],
210 silly resolved     bin: { grunt: 'bin/grunt' },
210 silly resolved     engines: { node: '>= 0.8.0' },
210 silly resolved     scripts: { test: 'node bin/grunt test' },
210 silly resolved     preferGlobal: true,
210 silly resolved     dependencies: { nopt: '~1.0.10', 'findup-sync': '~0.1.0', resolve: '~0.3.1' },
210 silly resolved     devDependencies: { grunt: '~0.4.0', 'grunt-contrib-jshint': '~0.2.0' },
210 silly resolved     contributors: [ [Object], [Object], [Object], [Object] ],
210 silly resolved     _id: 'grunt-cli@0.1.13',
210 silly resolved     dist:
210 silly resolved      { shasum: 'e9ebc4047631f5012d922770c39378133cad10f4',
210 silly resolved        tarball: 'http://registry.npmjs.org/grunt-cli/-/grunt-cli-0.1.13.tgz' },
210 silly resolved     _from: 'grunt-cli@',
210 silly resolved     _npmVersion: '1.3.24',
210 silly resolved     _npmUser: { name: 'tkellen', email: 'tyler@sleekcode.net' },
210 silly resolved     maintainers: [ [Object] ],
210 silly resolved     directories: {},
210 silly resolved     _shasum: 'e9ebc4047631f5012d922770c39378133cad10f4',
210 silly resolved     _resolved: 'https://registry.npmjs.org/grunt-cli/-/grunt-cli-0.1.13.tgz' },
210 silly resolved   { name: 'yo',
210 silly resolved     version: '1.3.2',
210 silly resolved     description: 'CLI tool for running Yeoman generators',
210 silly resolved     license: 'BSD',
210 silly resolved     bin: { yo: 'cli.js' },
210 silly resolved     author: { name: 'The Yeoman Team' },
210 silly resolved     repository: { type: 'git', url: 'https://github.com/yeoman/yo' },
210 silly resolved     engines: { node: '>=0.10.0', npm: '>=1.4.3' },
210 silly resolved     scripts:
210 silly resolved      { test: 'grunt',
210 silly resolved        postinstall: 'yodoctor',
210 silly resolved        postupdate: 'yodoctor' },
210 silly resolved     files: [ 'cli.js', 'yoyo.js' ],
210 silly resolved     keywords:
210 silly resolved      [ 'front-end',
210 silly resolved        'development',
210 silly resolved        'dev',
210 silly resolved        'build',
210 silly resolved        'web',
210 silly resolved        'tool',
210 silly resolved        'cli',
210 silly resolved        'scaffold',
210 silly resolved        'stack',
210 silly resolved        'yeoman',
210 silly resolved        'generator',
210 silly resolved        'app' ],
210 silly resolved     dependencies:
210 silly resolved      { async: '^0.9.0',
210 silly resolved        chalk: '^0.5.1',
210 silly resolved        configstore: '^0.3.1',
210 silly resolved        findup: '^0.1.5',
210 silly resolved        fullname: '^1.0.0',
210 silly resolved        insight: '^0.4.3',
210 silly resolved        'is-root': '^1.0.0',
210 silly resolved        lodash: '^2.4.1',
210 silly resolved        multiline: '^1.0.0',
210 silly resolved        nopt: '^3.0.0',
210 silly resolved        opn: '^1.0.0',
210 silly resolved        shelljs: '^0.3.0',
210 silly resolved        'string-length': '^1.0.0',
210 silly resolved        'sudo-block': '^1.0.0',
210 silly resolved        'underscore.string': '^2.3.3',
210 silly resolved        'update-notifier': '^0.2.2',
210 silly resolved        'yeoman-character': '^1.0.0',
210 silly resolved        'yeoman-doctor': '^1.0.0',
210 silly resolved        'yeoman-environment': '^1.0.1',
210 silly resolved        'yeoman-generator': '^0.17.7',
210 silly resolved        yosay: '^1.0.0' },
210 silly resolved     devDependencies:
210 silly resolved      { grunt: '^0.4.5',
210 silly resolved        'grunt-cli': '^0.1.13',
210 silly resolved        'grunt-contrib-jshint': '^0.10.0',
210 silly resolved        'grunt-contrib-watch': '^0.6.1',
210 silly resolved        'grunt-mocha-test': '^0.12.1',
210 silly resolved        mocha: '^1.21.4',
210 silly resolved        mockery: '^1.4.0',
210 silly resolved        sinon: '^1.10.3' },
210 silly resolved     engineStrict: true,
210 silly resolved     preferGlobal: true,
210 silly resolved     gitHead: '05fc7055cd07d25221ca866ca8bb1e7266808628',
210 silly resolved     bugs: { url: 'https://github.com/yeoman/yo/issues' },
210 silly resolved     homepage: 'https://github.com/yeoman/yo',
210 silly resolved     _id: 'yo@1.3.2',
210 silly resolved     _shasum: '2f2a7a94748b4d575e8b46bcbf64496988f29c36',
210 silly resolved     _from: 'yo@',
210 silly resolved     _npmVersion: '1.4.28',
210 silly resolved     _npmUser: { name: 'sboudrias', email: 'admin@simonboudrias.com' },
210 silly resolved     maintainers: [ [Object], [Object], [Object], [Object], [Object], [Object] ],
210 silly resolved     dist:
210 silly resolved      { shasum: '2f2a7a94748b4d575e8b46bcbf64496988f29c36',
210 silly resolved        tarball: 'http://registry.npmjs.org/yo/-/yo-1.3.2.tgz' },
210 silly resolved     directories: {},
210 silly resolved     _resolved: 'https://registry.npmjs.org/yo/-/yo-1.3.2.tgz' },
210 silly resolved   { name: 'generator-karma',
210 silly resolved     version: '0.8.3',
210 silly resolved     description: 'Yeoman generator for Karma',
210 silly resolved     license: 'BSD',
210 silly resolved     main: 'app/index.js',
210 silly resolved     repository:
210 silly resolved      { type: 'git',
210 silly resolved        url: 'https://github.com/yeoman/generator-karma' },
210 silly resolved     author: { name: 'The Yeoman Team' },
210 silly resolved     engines: { node: '>=0.10.0', npm: '>=1.2.10' },
210 silly resolved     scripts: { test: 'mocha --reporter spec' },
210 silly resolved     files: [ 'app', 'templates' ],
210 silly resolved     keywords: [ 'yeoman-generator', 'scaffold', 'test', 'runner', 'karma' ],
210 silly resolved     dependencies: { underscore: '^1.6.0', 'yeoman-generator': '^0.17.0' },
210 silly resolved     devDependencies: { mocha: '*' },
210 silly resolved     peerDependencies: { yo: '>=1.0.0' },
210 silly resolved     gitHead: '9f8bfc541b421e1dccf2ded582e2ed64b44de1a0',
210 silly resolved     bugs: { url: 'https://github.com/yeoman/generator-karma/issues' },
210 silly resolved     homepage: 'https://github.com/yeoman/generator-karma',
210 silly resolved     _id: 'generator-karma@0.8.3',
210 silly resolved     _shasum: '6399fda9fc6cbab73568707e83fab73a915acbc8',
210 silly resolved     _from: 'generator-karma@',
210 silly resolved     _npmVersion: '1.4.17',
210 silly resolved     _npmUser: { name: 'eddiemonge', email: 'eddie+npm@eddiemonge.com' },
210 silly resolved     maintainers:
210 silly resolved      [ [Object],
210 silly resolved        [Object],
210 silly resolved        [Object],
210 silly resolved        [Object],
210 silly resolved        [Object],
210 silly resolved        [Object],
210 silly resolved        [Object] ],
210 silly resolved     dist:
210 silly resolved      { shasum: '6399fda9fc6cbab73568707e83fab73a915acbc8',
210 silly resolved        tarball: 'http://registry.npmjs.org/generator-karma/-/generator-karma-0.8.3.tgz' },
210 silly resolved     directories: {},
210 silly resolved     _resolved: 'https://registry.npmjs.org/generator-karma/-/generator-karma-0.8.3.tgz' },
210 silly resolved   { name: 'generator-angular',
210 silly resolved     version: '0.9.8',
210 silly resolved     description: 'Yeoman generator for AngularJS',
210 silly resolved     keywords:
210 silly resolved      [ 'yeoman-generator',
210 silly resolved        'scaffold',
210 silly resolved        'framework',
210 silly resolved        'component',
210 silly resolved        'front-end',
210 silly resolved        'app',
210 silly resolved        'angular' ],
210 silly resolved     author: { name: 'The Yeoman Team' },
210 silly resolved     main: 'app/index.js',
210 silly resolved     files:
210 silly resolved      [ 'app',
210 silly resolved        'common',
210 silly resolved        'constant',
210 silly resolved        'controller',
210 silly resolved        'decorator',
210 silly resolved        'directive',
210 silly resolved        'factory',
210 silly resolved        'filter',
210 silly resolved        'main',
210 silly resolved        'provider',
210 silly resolved        'route',
210 silly resolved        'service',
210 silly resolved        'templates',
210 silly resolved        'value',
210 silly resolved        'view',
210 silly resolved        'script-base.js',
210 silly resolved        'util.js' ],
210 silly resolved     repository:
210 silly resolved      { type: 'git',
210 silly resolved        url: 'https://github.com/yeoman/generator-angular' },
210 silly resolved     scripts: { test: 'mocha' },
210 silly resolved     dependencies:
210 silly resolved      { wiredep: '^1.0.0',
210 silly resolved        'yeoman-generator': '^0.16.0',
210 silly resolved        yosay: '^0.2.0',
210 silly resolved        chalk: '^0.4.0' },
210 silly resolved     peerDependencies: { 'generator-karma': '>=0.8.2', yo: '>=1.0.0' },
210 silly resolved     devDependencies:
210 silly resolved      { grunt: '~0.4.1',
210 silly resolved        'grunt-contrib-jshint': '~0.8.0',
210 silly resolved        'grunt-conventional-changelog': '~1.1.0',
210 silly resolved        'grunt-release': '~0.6.0',
210 silly resolved        'load-grunt-tasks': '~0.3.0',
210 silly resolved        mocha: '*',
210 silly resolved        semver: '~2.3.0',
210 silly resolved        'underscore.string': '~2.3.1' },
210 silly resolved     engines: { node: '>=0.10.0', npm: '>=1.2.10' },
210 silly resolved     licenses: [ [Object] ],
210 silly resolved     gitHead: '30109d0868b0cfd304ccbf44fa75ee7f84742e32',
210 silly resolved     bugs: { url: 'https://github.com/yeoman/generator-angular/issues' },
210 silly resolved     homepage: 'https://github.com/yeoman/generator-angular',
210 silly resolved     _id: 'generator-angular@0.9.8',
210 silly resolved     _shasum: '7e0c98e0cbf3289d13409486637ba3257a2ab1ea',
210 silly resolved     _from: 'generator-angular@',
210 silly resolved     _npmVersion: '1.4.23',
210 silly resolved     _npmUser: { name: 'eddiemonge', email: 'eddie+npm@eddiemonge.com' },
210 silly resolved     maintainers:
210 silly resolved      [ [Object],
210 silly resolved        [Object],
210 silly resolved        [Object],
210 silly resolved        [Object],
210 silly resolved        [Object],
210 silly resolved        [Object],
210 silly resolved        [Object] ],
210 silly resolved     dist:
210 silly resolved      { shasum: '7e0c98e0cbf3289d13409486637ba3257a2ab1ea',
210 silly resolved        tarball: 'http://registry.npmjs.org/generator-angular/-/generator-angular-0.9.8.tgz' },
210 silly resolved     directories: {},
210 silly resolved     _resolved: 'https://registry.npmjs.org/generator-angular/-/generator-angular-0.9.8.tgz' },
210 silly resolved   { name: 'bower',
210 silly resolved     version: '1.3.12',
210 silly resolved     description: 'The browser package manager',
210 silly resolved     author: { name: 'Twitter' },
210 silly resolved     licenses: [ [Object] ],
210 silly resolved     repository: { type: 'git', url: 'https://github.com/bower/bower' },
210 silly resolved     main: 'lib',
210 silly resolved     homepage: 'http://bower.io',
210 silly resolved     engines: { node: '>=0.10.0' },
210 silly resolved     dependencies:
210 silly resolved      { abbrev: '~1.0.4',
210 silly resolved        archy: '0.0.2',
210 silly resolved        'bower-config': '~0.5.2',
210 silly resolved        'bower-endpoint-parser': '~0.2.2',
210 silly resolved        'bower-json': '~0.4.0',
210 silly resolved        'bower-logger': '~0.2.2',
210 silly resolved        'bower-registry-client': '~0.2.0',
210 silly resolved        cardinal: '0.4.0',
210 silly resolved        chalk: '0.5.0',
210 silly resolved        chmodr: '0.1.0',
210 silly resolved        'decompress-zip': '0.0.8',
210 silly resolved        fstream: '~1.0.2',
210 silly resolved        'fstream-ignore': '~1.0.1',
210 silly resolved        glob: '~4.0.2',
210 silly resolved        'graceful-fs': '~3.0.1',
210 silly resolved        handlebars: '~2.0.0',
210 silly resolved        inquirer: '0.7.1',
210 silly resolved        insight: '0.4.3',
210 silly resolved        'is-root': '~1.0.0',
210 silly resolved        junk: '~1.0.0',
210 silly resolved        lockfile: '~1.0.0',
210 silly resolved        'lru-cache': '~2.5.0',
210 silly resolved        mkdirp: '0.5.0',
210 silly resolved        mout: '~0.9.0',
210 silly resolved        nopt: '~3.0.0',
210 silly resolved        opn: '~1.0.0',
210 silly resolved        osenv: '0.1.0',
210 silly resolved        'p-throttler': '0.1.0',
210 silly resolved        promptly: '0.2.0',
210 silly resolved        q: '~1.0.1',
210 silly resolved        request: '~2.42.0',
210 silly resolved        'request-progress': '0.3.0',
210 silly resolved        retry: '0.6.0',
210 silly resolved        rimraf: '~2.2.0',
210 silly resolved        semver: '~2.3.0',
210 silly resolved        'shell-quote': '~1.4.1',
210 silly resolved        'stringify-object': '~1.0.0',
210 silly resolved        'tar-fs': '0.5.2',
210 silly resolved        tmp: '0.0.23',
210 silly resolved        'update-notifier': '0.2.0',
210 silly resolved        which: '~1.0.5' },
210 silly resolved     devDependencies:
210 silly resolved      { coveralls: '~2.11.0',
210 silly resolved        'expect.js': '~0.3.1',
210 silly resolved        grunt: '~0.4.4',
210 silly resolved        'grunt-cli': '^0.1.13',
210 silly resolved        'grunt-contrib-jshint': '~0.10.0',
210 silly resolved        'grunt-contrib-watch': '~0.6.1',
210 silly resolved        'grunt-exec': '~0.4.2',
210 silly resolved        'grunt-simple-mocha': '~0.4.0',
210 silly resolved        istanbul: '~0.3.2',
210 silly resolved        'load-grunt-tasks': '~0.6.0',
210 silly resolved        mocha: '~1.21.4',
210 silly resolved        nock: '~0.46.0',
210 silly resolved        'node-uuid': '~1.4.1',
210 silly resolved        proxyquire: '~1.0.1' },
210 silly resolved     scripts: { test: 'grunt test' },
210 silly resolved     bin: { bower: 'bin/bower' },
210 silly resolved     preferGlobal: true,
210 silly resolved     gitHead: 'b26c072f0db054a1902ec4d2e3726dbf8a1c799a',
210 silly resolved     bugs: { url: 'https://github.com/bower/bower/issues' },
210 silly resolved     _id: 'bower@1.3.12',
210 silly resolved     _shasum: '37de0edb3904baf90aee13384a1a379a05ee214c',
210 silly resolved     _from: 'bower@',
210 silly resolved     _npmVersion: '2.0.0',
210 silly resolved     _npmUser: { name: 'sheerun', email: 'sheerun@sher.pl' },
210 silly resolved     maintainers: [ [Object], [Object], [Object], [Object], [Object], [Object] ],
210 silly resolved     dist:
210 silly resolved      { shasum: '37de0edb3904baf90aee13384a1a379a05ee214c',
210 silly resolved        tarball: 'http://registry.npmjs.org/bower/-/bower-1.3.12.tgz' },
210 silly resolved     directories: {},
210 silly resolved     _resolved: 'https://registry.npmjs.org/bower/-/bower-1.3.12.tgz' } ]
211 info install grunt-cli@0.1.13 into /usr/local/lib
212 info install yo@1.3.2 into /usr/local/lib
213 info install generator-karma@0.8.3 into /usr/local/lib
214 info install generator-angular@0.9.8 into /usr/local/lib
215 info install bower@1.3.12 into /usr/local/lib
216 info installOne grunt-cli@0.1.13
217 info installOne yo@1.3.2
218 info installOne generator-karma@0.8.3
219 info installOne generator-angular@0.9.8
220 info installOne bower@1.3.12
221 verbose lib/node_modules/grunt-cli unbuild
222 verbose lib/node_modules/generator-angular unbuild
223 verbose lib/node_modules/generator-karma unbuild
224 verbose lib/node_modules/yo unbuild
225 verbose tar unpack /Users/jeremy/.npm/grunt-cli/0.1.13/package.tgz
226 silly lockFile 466968dc-local-lib-node-modules-grunt-cli tar:///usr/local/lib/node_modules/grunt-cli
227 verbose lock tar:///usr/local/lib/node_modules/grunt-cli /Users/jeremy/.npm/466968dc-local-lib-node-modules-grunt-cli.lock
228 silly lockFile 105acf31-npm-grunt-cli-0-1-13-package-tgz tar:///Users/jeremy/.npm/grunt-cli/0.1.13/package.tgz
229 verbose lock tar:///Users/jeremy/.npm/grunt-cli/0.1.13/package.tgz /Users/jeremy/.npm/105acf31-npm-grunt-cli-0-1-13-package-tgz.lock
230 verbose tar unpack /Users/jeremy/.npm/generator-angular/0.9.8/package.tgz
231 silly lockFile 919d8aa6-b-node-modules-generator-angular tar:///usr/local/lib/node_modules/generator-angular
232 verbose lock tar:///usr/local/lib/node_modules/generator-angular /Users/jeremy/.npm/919d8aa6-b-node-modules-generator-angular.lock
233 silly lockFile b9f8ffb8-erator-angular-0-9-8-package-tgz tar:///Users/jeremy/.npm/generator-angular/0.9.8/package.tgz
234 verbose lock tar:///Users/jeremy/.npm/generator-angular/0.9.8/package.tgz /Users/jeremy/.npm/b9f8ffb8-erator-angular-0-9-8-package-tgz.lock
235 verbose tar unpack /Users/jeremy/.npm/generator-karma/0.8.3/package.tgz
236 silly lockFile 319c8467-lib-node-modules-generator-karma tar:///usr/local/lib/node_modules/generator-karma
237 verbose lock tar:///usr/local/lib/node_modules/generator-karma /Users/jeremy/.npm/319c8467-lib-node-modules-generator-karma.lock
238 silly lockFile 088c57e2-enerator-karma-0-8-3-package-tgz tar:///Users/jeremy/.npm/generator-karma/0.8.3/package.tgz
239 verbose lock tar:///Users/jeremy/.npm/generator-karma/0.8.3/package.tgz /Users/jeremy/.npm/088c57e2-enerator-karma-0-8-3-package-tgz.lock
240 verbose tar unpack /Users/jeremy/.npm/yo/1.3.2/package.tgz
241 silly lockFile 7d7c7bef-ar-usr-local-lib-node-modules-yo tar:///usr/local/lib/node_modules/yo
242 verbose lock tar:///usr/local/lib/node_modules/yo /Users/jeremy/.npm/7d7c7bef-ar-usr-local-lib-node-modules-yo.lock
243 silly lockFile 24cd5298--jeremy-npm-yo-1-3-2-package-tgz tar:///Users/jeremy/.npm/yo/1.3.2/package.tgz
244 verbose lock tar:///Users/jeremy/.npm/yo/1.3.2/package.tgz /Users/jeremy/.npm/24cd5298--jeremy-npm-yo-1-3-2-package-tgz.lock
245 verbose lib/node_modules/bower unbuild
246 silly gunzTarPerm modes [ '755', '644' ]
247 silly gunzTarPerm modes [ '755', '644' ]
248 silly gunzTarPerm modes [ '755', '644' ]
249 silly gunzTarPerm modes [ '755', '644' ]
250 info preuninstall bower@0.7.0
251 error Error: EACCES, mkdir '/usr/local/lib/node_modules/grunt-cli'
251 error  { [Error: EACCES, mkdir '/usr/local/lib/node_modules/grunt-cli']
251 error   errno: 3,
251 error   code: 'EACCES',
251 error   path: '/usr/local/lib/node_modules/grunt-cli',
251 error   fstream_type: 'Directory',
251 error   fstream_path: '/usr/local/lib/node_modules/grunt-cli',
251 error   fstream_class: 'DirWriter',
251 error   fstream_stack:
251 error    [ '/usr/local/lib/node_modules/npm/node_modules/fstream/lib/dir-writer.js:36:23',
251 error      '/usr/local/lib/node_modules/npm/node_modules/mkdirp/index.js:46:53',
251 error      'Object.oncomplete (fs.js:107:15)' ] }
252 error Please try running this command again as root/Administrator.
253 error System Darwin 14.0.0
254 error command "node" "/usr/local/bin/npm" "install" "-g" "yo" "grunt-cli" "bower" "generator-angular" "generator-karma"
255 error cwd /Applications/MAMP/htdocs/Dropbox/ProjFootballApp/FootballApp
256 error node -v v0.10.32
257 error npm -v 1.4.28
258 error path /usr/local/lib/node_modules/grunt-cli
259 error fstream_path /usr/local/lib/node_modules/grunt-cli
260 error fstream_type Directory
261 error fstream_class DirWriter
262 error code EACCES
263 error errno 3
264 error stack Error: EACCES, mkdir '/usr/local/lib/node_modules/grunt-cli'
265 error fstream_stack /usr/local/lib/node_modules/npm/node_modules/fstream/lib/dir-writer.js:36:23
265 error fstream_stack /usr/local/lib/node_modules/npm/node_modules/mkdirp/index.js:46:53
265 error fstream_stack Object.oncomplete (fs.js:107:15)
266 verbose exit [ 3, true ]
